[debug] [2021-12-06T19:37:33.635Z] ----------------------------------------------------------------------
[debug] [2021-12-06T19:37:33.638Z] Command:       C:\Program Files\nodejs\node.exe C:\Users\LENOVO\AppData\Roaming\npm\node_modules\firebase-tools\lib\bin\firebase.js init
[debug] [2021-12-06T19:37:33.638Z] CLI Version:   9.23.0
[debug] [2021-12-06T19:37:33.638Z] Platform:      win32
[debug] [2021-12-06T19:37:33.638Z] Node Version:  v17.2.0
[debug] [2021-12-06T19:37:33.646Z] Time:          Tue Dec 07 2021 01:07:33 GMT+0530 (India Standard Time)
[debug] [2021-12-06T19:37:33.646Z] ----------------------------------------------------------------------
[debug] 
[debug] [2021-12-06T19:37:33.649Z] >>> [apiv2][query] GET https://firebase-public.firebaseio.com/cli.json [none]
[debug] [2021-12-06T19:37:33.743Z] > command requires scopes: ["email","openid","https://www.googleapis.com/auth/cloudplatformprojects.readonly","https://www.googleapis.com/auth/firebase","https://www.googleapis.com/auth/cloud-platform"]
[debug] [2021-12-06T19:37:33.743Z] > authorizing via signed-in user (priyaljuneja22@gmail.com)
[info] 
     ######## #### ########  ######## ########     ###     ######  ########
     ##        ##  ##     ## ##       ##     ##  ##   ##  ##       ##
     ######    ##  ########  ######   ########  #########  ######  ######
     ##        ##  ##    ##  ##       ##     ## ##     ##       ## ##
     ##       #### ##     ## ######## ########  ##     ##  ######  ########

You're about to initialize a Firebase project in this directory:

  C:\Users\LENOVO

Before we get started, keep in mind:

  * You are initializing within an existing Firebase project directory

[debug] [2021-12-06T19:37:35.439Z] <<< [apiv2][status] GET https://firebase-public.firebaseio.com/cli.json 200
[debug] [2021-12-06T19:37:35.439Z] <<< [apiv2][body] GET https://firebase-public.firebaseio.com/cli.json {"cloudBuildErrorAfter":1594252800000,"cloudBuildWarnAfter":1590019200000,"defaultNode10After":1594252800000,"minVersion":"3.0.5","node8DeploysDisabledAfter":1613390400000,"node8RuntimeDisabledAfter":1615809600000,"node8WarnAfter":1600128000000}
[info] 
=== Project Setup
[info] 
[info] First, let's associate this project directory with a Firebase project.
[info] You can create multiple project aliases by running firebase use --add, 
[info] but for now we'll just set up a default project.
[info] 
[info] i  .firebaserc already has a default project, using whatsapp-clone-993ed. 
[debug] [2021-12-06T19:37:40.227Z] > refreshing access token with scopes: []
[debug] [2021-12-06T19:37:40.227Z] >>> HTTP REQUEST POST https://www.googleapis.com/oauth2/v3/token  
 <request body omitted>
[debug] [2021-12-06T19:37:41.150Z] <<< HTTP RESPONSE 200 {"date":"Mon, 06 Dec 2021 19:37:42 GMT","expires":"Mon, 01 Jan 1990 00:00:00 GMT","pragma":"no-cache","cache-control":"no-cache, no-store, max-age=0, must-revalidate","content-type":"application/json; charset=utf-8","vary":"X-Origin, Referer, Origin,Accept-Encoding","server":"scaffolding on HTTPServer2","x-xss-protection":"0","x-frame-options":"SAMEORIGIN","x-content-type-options":"nosniff","alt-svc":"h3=\":443\"; ma=2592000,h3-29=\":443\"; ma=2592000,h3-Q050=\":443\"; ma=2592000,h3-Q046=\":443\"; ma=2592000,h3-Q043=\":443\"; ma=2592000,quic=\":443\"; ma=2592000; v=\"46,43\"","accept-ranges":"none","transfer-encoding":"chunked"}
[debug] [2021-12-06T19:37:41.158Z] >>> [apiv2][query] GET https://firebase.googleapis.com/v1beta1/projects/whatsapp-clone-993ed [none]
[debug] [2021-12-06T19:37:42.451Z] <<< [apiv2][status] GET https://firebase.googleapis.com/v1beta1/projects/whatsapp-clone-993ed 200
[debug] [2021-12-06T19:37:42.451Z] <<< [apiv2][body] GET https://firebase.googleapis.com/v1beta1/projects/whatsapp-clone-993ed {"projectId":"whatsapp-clone-993ed","projectNumber":"954551965592","displayName":"Whatsapp-clone","name":"projects/whatsapp-clone-993ed","resources":{"hostingSite":"whatsapp-clone-993ed","storageBucket":"whatsapp-clone-993ed.appspot.com","locationId":"us-central"},"state":"ACTIVE"}
[info] 
=== Hosting Setup
[info] 
[info] Your public directory is the folder (relative to your project directory) that
[info] will contain Hosting assets to be uploaded with firebase deploy. If you
[info] have a build process for your assets, use your build's output directory.
[info] 
[debug] [2021-12-06T19:38:05.001Z] ----------------------------------------------------------------------
[debug] [2021-12-06T19:38:05.003Z] Command:       C:\Program Files\nodejs\node.exe C:\Users\LENOVO\AppData\Roaming\npm\node_modules\firebase-tools\lib\bin\firebase.js init
[debug] [2021-12-06T19:38:05.003Z] CLI Version:   9.23.0
[debug] [2021-12-06T19:38:05.004Z] Platform:      win32
[debug] [2021-12-06T19:38:05.004Z] Node Version:  v17.2.0
[debug] [2021-12-06T19:38:05.004Z] Time:          Tue Dec 07 2021 01:08:05 GMT+0530 (India Standard Time)
[debug] [2021-12-06T19:38:05.005Z] ----------------------------------------------------------------------
[debug] 
[debug] [2021-12-06T19:38:05.043Z] > command requires scopes: ["email","openid","https://www.googleapis.com/auth/cloudplatformprojects.readonly","https://www.googleapis.com/auth/firebase","https://www.googleapis.com/auth/cloud-platform"]
[debug] [2021-12-06T19:38:05.043Z] > authorizing via signed-in user (priyaljuneja22@gmail.com)
[info] 
     ######## #### ########  ######## ########     ###     ######  ########
     ##        ##  ##     ## ##       ##     ##  ##   ##  ##       ##
     ######    ##  ########  ######   ########  #########  ######  ######
     ##        ##  ##    ##  ##       ##     ## ##     ##       ## ##
     ##       #### ##     ## ######## ########  ##     ##  ######  ########

You're about to initialize a Firebase project in this directory:

  C:\Users\LENOVO

Before we get started, keep in mind:

  * You are initializing within an existing Firebase project directory

[info] 
=== Project Setup
[info] 
[info] First, let's associate this project directory with a Firebase project.
[info] You can create multiple project aliases by running firebase use --add, 
[info] but for now we'll just set up a default project.
[info] 
[info] i  .firebaserc already has a default project, using whatsapp-clone-993ed. 
[debug] [2021-12-06T19:38:16.028Z] >>> [apiv2][query] GET https://firebase.googleapis.com/v1beta1/projects/whatsapp-clone-993ed [none]
[debug] [2021-12-06T19:38:16.960Z] <<< [apiv2][status] GET https://firebase.googleapis.com/v1beta1/projects/whatsapp-clone-993ed 200
[debug] [2021-12-06T19:38:16.960Z] <<< [apiv2][body] GET https://firebase.googleapis.com/v1beta1/projects/whatsapp-clone-993ed {"projectId":"whatsapp-clone-993ed","projectNumber":"954551965592","displayName":"Whatsapp-clone","name":"projects/whatsapp-clone-993ed","resources":{"hostingSite":"whatsapp-clone-993ed","storageBucket":"whatsapp-clone-993ed.appspot.com","locationId":"us-central"},"state":"ACTIVE"}
[info] 
=== Hosting Setup
[info] 
[info] Your public directory is the folder (relative to your project directory) that
[info] will contain Hosting assets to be uploaded with firebase deploy. If you
[info] have a build process for your assets, use your build's output directory.
[info] 
